<?xml version="1.0" encoding="UTF-8"?>
<testng-results ignored="0" total="1" passed="1" failed="0" skipped="0">
  <reporter-output>
  </reporter-output>
  <suite started-at="2019-03-23T12:14:01Z" name="Default suite" finished-at="2019-03-23T12:14:22Z" duration-ms="21291">
    <groups>
    </groups>
    <test started-at="2019-03-23T12:14:01Z" name="Default test" finished-at="2019-03-23T12:14:22Z" duration-ms="21291">
      <class name="com.actiTIME.Customer_Scripts.DeleteCustomerTC_03">
        <test-method is-config="true" signature="preConfig()[pri:0, instance:com.actiTIME.Customer_Scripts.DeleteCustomerTC_03@25084a1e]" started-at="2019-03-23T12:14:01Z" name="preConfig" finished-at="2019-03-23T12:14:12Z" duration-ms="11072" status="PASS">
          <reporter-output>
          </reporter-output>
        </test-method> <!-- preConfig -->
        <test-method signature="testDeleteCustomerTC_03()[pri:0, instance:com.actiTIME.Customer_Scripts.DeleteCustomerTC_03@25084a1e]" started-at="2019-03-23T12:14:12Z" name="testDeleteCustomerTC_03" finished-at="2019-03-23T12:14:18Z" duration-ms="6511" status="PASS">
          <reporter-output>
          </reporter-output>
        </test-method> <!-- testDeleteCustomerTC_03 -->
        <test-method is-config="true" signature="postConfig()[pri:0, instance:com.actiTIME.Customer_Scripts.DeleteCustomerTC_03@25084a1e]" started-at="2019-03-23T12:14:18Z" name="postConfig" finished-at="2019-03-23T12:14:22Z" duration-ms="3666" status="PASS">
          <reporter-output>
          </reporter-output>
        </test-method> <!-- postConfig -->
      </class> <!-- com.actiTIME.Customer_Scripts.DeleteCustomerTC_03 -->
    </test> <!-- Default test -->
  </suite> <!-- Default suite -->
</testng-results>
